[2025-03-26T19:23:03.854+0000] {manager.py:483} INFO - Processing files using up to 2 processes at a time 
[2025-03-26T19:23:03.855+0000] {manager.py:484} INFO - Process each file at most once every 30 seconds
[2025-03-26T19:23:03.855+0000] {manager.py:485} INFO - Checking for new files in /opt/airflow/dags every 300 seconds
[2025-03-26T19:23:03.855+0000] {manager.py:821} INFO - Searching for files in /opt/airflow/dags
[2025-03-26T19:23:03.858+0000] {manager.py:824} INFO - There are 1 files in /opt/airflow/dags
[2025-03-26T19:23:03.922+0000] {manager.py:997} INFO - 
================================================================================
DAG File Processing Stats

File Path                    PID  Runtime      # DAGs    # Errors  Last Runtime    Last Run      Last # of DB Queries
-------------------------  -----  ---------  --------  ----------  --------------  ----------  ----------------------
/opt/airflow/dags/test.py     45  0.03s             0           0                                                   0
================================================================================
[2025-03-26T19:23:34.175+0000] {manager.py:997} INFO - 
================================================================================
DAG File Processing Stats

File Path                    PID  Runtime      # DAGs    # Errors  Last Runtime    Last Run               Last # of DB Queries
-------------------------  -----  ---------  --------  ----------  --------------  -------------------  ----------------------
/opt/airflow/dags/test.py     52  0.01s             1           0  0.24s           2025-03-26T19:23:04                      45
================================================================================
[2025-03-26T19:24:04.447+0000] {manager.py:997} INFO - 
================================================================================
DAG File Processing Stats

File Path                    PID  Runtime      # DAGs    # Errors  Last Runtime    Last Run               Last # of DB Queries
-------------------------  -----  ---------  --------  ----------  --------------  -------------------  ----------------------
/opt/airflow/dags/test.py     59  0.01s             1           0  0.08s           2025-03-26T19:23:34                      12
================================================================================
[2025-03-26T19:24:34.734+0000] {manager.py:997} INFO - 
================================================================================
DAG File Processing Stats

File Path                    PID  Runtime      # DAGs    # Errors  Last Runtime    Last Run               Last # of DB Queries
-------------------------  -----  ---------  --------  ----------  --------------  -------------------  ----------------------
/opt/airflow/dags/test.py     66  0.00s             1           0  0.06s           2025-03-26T19:24:04                      12
================================================================================
[2025-03-26T19:25:04.992+0000] {manager.py:997} INFO - 
================================================================================
DAG File Processing Stats

File Path                    PID  Runtime      # DAGs    # Errors  Last Runtime    Last Run               Last # of DB Queries
-------------------------  -----  ---------  --------  ----------  --------------  -------------------  ----------------------
/opt/airflow/dags/test.py     73  0.00s             1           0  0.08s           2025-03-26T19:24:34                      12
================================================================================
[2025-03-26T19:25:35.279+0000] {manager.py:997} INFO - 
================================================================================
DAG File Processing Stats

File Path                    PID  Runtime      # DAGs    # Errors  Last Runtime    Last Run               Last # of DB Queries
-------------------------  -----  ---------  --------  ----------  --------------  -------------------  ----------------------
/opt/airflow/dags/test.py     80  0.01s             1           0  0.06s           2025-03-26T19:25:05                      12
================================================================================
[2025-03-26T19:26:05.562+0000] {manager.py:997} INFO - 
================================================================================
DAG File Processing Stats

File Path                    PID  Runtime      # DAGs    # Errors  Last Runtime    Last Run               Last # of DB Queries
-------------------------  -----  ---------  --------  ----------  --------------  -------------------  ----------------------
/opt/airflow/dags/test.py     87  0.01s             1           0  0.08s           2025-03-26T19:25:35                      12
================================================================================
[2025-03-26T19:26:35.795+0000] {manager.py:997} INFO - 
================================================================================
DAG File Processing Stats

File Path                    PID  Runtime      # DAGs    # Errors  Last Runtime    Last Run               Last # of DB Queries
-------------------------  -----  ---------  --------  ----------  --------------  -------------------  ----------------------
/opt/airflow/dags/test.py     94  0.00s             1           0  0.11s           2025-03-26T19:26:05                      12
================================================================================
[2025-03-26T19:27:06.035+0000] {manager.py:997} INFO - 
================================================================================
DAG File Processing Stats

File Path                  PID    Runtime      # DAGs    # Errors  Last Runtime    Last Run               Last # of DB Queries
-------------------------  -----  ---------  --------  ----------  --------------  -------------------  ----------------------
/opt/airflow/dags/test.py                           1           0  0.15s           2025-03-26T19:26:59                      34
================================================================================
[2025-03-26T19:27:36.297+0000] {manager.py:997} INFO - 
================================================================================
DAG File Processing Stats

File Path                  PID    Runtime      # DAGs    # Errors  Last Runtime    Last Run               Last # of DB Queries
-------------------------  -----  ---------  --------  ----------  --------------  -------------------  ----------------------
/opt/airflow/dags/test.py                           1           0  0.06s           2025-03-26T19:27:29                      12
================================================================================
[2025-03-26T19:28:04.622+0000] {manager.py:821} INFO - Searching for files in /opt/airflow/dags
[2025-03-26T19:28:04.628+0000] {manager.py:824} INFO - There are 1 files in /opt/airflow/dags
[2025-03-26T19:28:06.685+0000] {manager.py:997} INFO - 
================================================================================
DAG File Processing Stats

File Path                  PID    Runtime      # DAGs    # Errors  Last Runtime    Last Run               Last # of DB Queries
-------------------------  -----  ---------  --------  ----------  --------------  -------------------  ----------------------
/opt/airflow/dags/test.py                           1           0  0.11s           2025-03-26T19:28:05                      34
================================================================================
[2025-03-26T19:28:36.956+0000] {manager.py:997} INFO - 
================================================================================
DAG File Processing Stats

File Path                  PID    Runtime      # DAGs    # Errors  Last Runtime    Last Run               Last # of DB Queries
-------------------------  -----  ---------  --------  ----------  --------------  -------------------  ----------------------
/opt/airflow/dags/test.py                           1           0  0.04s           2025-03-26T19:28:12                      11
================================================================================
[2025-03-26T19:29:07.248+0000] {manager.py:997} INFO - 
================================================================================
DAG File Processing Stats

File Path                  PID    Runtime      # DAGs    # Errors  Last Runtime    Last Run               Last # of DB Queries
-------------------------  -----  ---------  --------  ----------  --------------  -------------------  ----------------------
/opt/airflow/dags/test.py                           1           0  0.07s           2025-03-26T19:28:43                      12
================================================================================
[2025-03-26T19:29:37.597+0000] {manager.py:997} INFO - 
================================================================================
DAG File Processing Stats

File Path                  PID    Runtime      # DAGs    # Errors  Last Runtime    Last Run               Last # of DB Queries
-------------------------  -----  ---------  --------  ----------  --------------  -------------------  ----------------------
/opt/airflow/dags/test.py                           1           0  0.08s           2025-03-26T19:29:18                      11
================================================================================
